<?xml version="1.0" encoding="UTF-8"?>
<testng-results ignored="0" total="1" passed="1" failed="0" skipped="0">
  <reporter-output>
  </reporter-output>
  <suite started-at="2022-07-26T16:17:00Z" name="Default suite" finished-at="2022-07-26T16:17:42Z" duration-ms="41808">
    <groups>
    </groups>
    <test started-at="2022-07-26T16:17:00Z" name="Default test" finished-at="2022-07-26T16:17:42Z" duration-ms="41808">
      <class name="webdriver.Topic_06_Textbox_TextArea">
        <test-method is-config="true" signature="beforeClass()[pri:0, instance:webdriver.Topic_06_Textbox_TextArea@55fe41ea]" started-at="2022-07-26T16:17:00Z" name="beforeClass" finished-at="2022-07-26T16:17:04Z" duration-ms="4099" status="PASS">
          <reporter-output>
          </reporter-output>
        </test-method> <!-- beforeClass -->
        <test-method signature="TC_01_Textbox_TextArea()[pri:0, instance:webdriver.Topic_06_Textbox_TextArea@55fe41ea]" started-at="2022-07-26T16:17:04Z" name="TC_01_Textbox_TextArea" finished-at="2022-07-26T16:17:38Z" duration-ms="33453" status="PASS">
          <reporter-output>
          </reporter-output>
        </test-method> <!-- TC_01_Textbox_TextArea -->
        <test-method is-config="true" signature="afterClass()[pri:0, instance:webdriver.Topic_06_Textbox_TextArea@55fe41ea]" started-at="2022-07-26T16:17:38Z" name="afterClass" finished-at="2022-07-26T16:17:42Z" duration-ms="4233" status="PASS">
          <reporter-output>
          </reporter-output>
        </test-method> <!-- afterClass -->
      </class> <!-- webdriver.Topic_06_Textbox_TextArea -->
    </test> <!-- Default test -->
  </suite> <!-- Default suite -->
</testng-results>
